[2023-10-05 11:08:20] local.ERROR: SQLSTATE[42S01]: Base table or view already exists: 1050 Table 'sessions' already exists (Connection: mysql, SQL: create table `sessions` (`id` bigint unsigned not null auto_increment primary key, `created_at` timestamp null, `updated_at` timestamp null) default character set utf8mb4 collate 'utf8mb4_unicode_ci') {"exception":"[object] (Illuminate\\Database\\QueryException(code: 42S01): SQLSTATE[42S01]: Base table or view already exists: 1050 Table 'sessions' already exists (Connection: mysql, SQL: create table `sessions` (`id` bigint unsigned not null auto_increment primary key, `created_at` timestamp null, `updated_at` timestamp null) default character set utf8mb4 collate 'utf8mb4_unicode_ci') at C:\\Users\\Nicole.VIGAN\\Documents\\Project_Team\\nouveau_projet\\testProj\\vendor\\laravel\\framework\\src\\Illuminate\\Database\\Connection.php:801)
[stacktrace]
#0 C:\\Users\\Nicole.VIGAN\\Documents\\Project_Team\\nouveau_projet\\testProj\\vendor\\laravel\\framework\\src\\Illuminate\\Database\\Connection.php(755): Illuminate\\Database\\Connection->runQueryCallback('create table `s...', Array, Object(Closure))
#1 C:\\Users\\Nicole.VIGAN\\Documents\\Project_Team\\nouveau_projet\\testProj\\vendor\\laravel\\framework\\src\\Illuminate\\Database\\Connection.php(569): Illuminate\\Database\\Connection->run('create table `s...', Array, Object(Closure))
#2 C:\\Users\\Nicole.VIGAN\\Documents\\Project_Team\\nouveau_projet\\testProj\\vendor\\laravel\\framework\\src\\Illuminate\\Database\\Schema\\Blueprint.php(110): Illuminate\\Database\\Connection->statement('create table `s...')
#3 C:\\Users\\Nicole.VIGAN\\Documents\\Project_Team\\nouveau_projet\\testProj\\vendor\\laravel\\framework\\src\\Illuminate\\Database\\Schema\\Builder.php(439): Illuminate\\Database\\Schema\\Blueprint->build(Object(Illuminate\\Database\\MySqlConnection), Object(Illuminate\\Database\\Schema\\Grammars\\MySqlGrammar))
#4 C:\\Users\\Nicole.VIGAN\\Documents\\Project_Team\\nouveau_projet\\testProj\\vendor\\laravel\\framework\\src\\Illuminate\\Database\\Schema\\Builder.php(281): Illuminate\\Database\\Schema\\Builder->build(Object(Illuminate\\Database\\Schema\\Blueprint))
#5 C:\\Users\\Nicole.VIGAN\\Documents\\Project_Team\\nouveau_projet\\testProj\\vendor\\laravel\\framework\\src\\Illuminate\\Support\\Facades\\Facade.php(353): Illuminate\\Database\\Schema\\Builder->create('sessions', Object(Closure))
#6 C:\\Users\\Nicole.VIGAN\\Documents\\Project_Team\\nouveau_projet\\testProj\\database\\migrations\\2023_10_05_094312_create_sessions_table.php(14): Illuminate\\Support\\Facades\\Facade::__callStatic('create', Array)
#7 C:\\Users\\Nicole.VIGAN\\Documents\\Project_Team\\nouveau_projet\\testProj\\vendor\\laravel\\framework\\src\\Illuminate\\Database\\Migrations\\Migrator.php(493): Illuminate\\Database\\Migrations\\Migration@anonymous->up()
#8 C:\\Users\\Nicole.VIGAN\\Documents\\Project_Team\\nouveau_projet\\testProj\\vendor\\laravel\\framework\\src\\Illuminate\\Database\\Migrations\\Migrator.php(410): Illuminate\\Database\\Migrations\\Migrator->runMethod(Object(Illuminate\\Database\\MySqlConnection), Object(Illuminate\\Database\\Migrations\\Migration@anonymous), 'up')
#9 C:\\Users\\Nicole.VIGAN\\Documents\\Project_Team\\nouveau_projet\\testProj\\vendor\\laravel\\framework\\src\\Illuminate\\Database\\Migrations\\Migrator.php(419): Illuminate\\Database\\Migrations\\Migrator->Illuminate\\Database\\Migrations\\{closure}()
#10 C:\\Users\\Nicole.VIGAN\\Documents\\Project_Team\\nouveau_projet\\testProj\\vendor\\laravel\\framework\\src\\Illuminate\\Database\\Migrations\\Migrator.php(216): Illuminate\\Database\\Migrations\\Migrator->runMigration(Object(Illuminate\\Database\\Migrations\\Migration@anonymous), 'up')
#11 C:\\Users\\Nicole.VIGAN\\Documents\\Project_Team\\nouveau_projet\\testProj\\vendor\\laravel\\framework\\src\\Illuminate\\Console\\View\\Components\\Task.php(37): Illuminate\\Database\\Migrations\\Migrator->Illuminate\\Database\\Migrations\\{closure}()
#12 C:\\Users\\Nicole.VIGAN\\Documents\\Project_Team\\nouveau_projet\\testProj\\vendor\\laravel\\framework\\src\\Illuminate\\Database\\Migrations\\Migrator.php(756): Illuminate\\Console\\View\\Components\\Task->render('2023_10_05_0943...', Object(Closure))
#13 C:\\Users\\Nicole.VIGAN\\Documents\\Project_Team\\nouveau_projet\\testProj\\vendor\\laravel\\framework\\src\\Illuminate\\Database\\Migrations\\Migrator.php(216): Illuminate\\Database\\Migrations\\Migrator->write('Illuminate\\\\Cons...', '2023_10_05_0943...', Object(Closure))
#14 C:\\Users\\Nicole.VIGAN\\Documents\\Project_Team\\nouveau_projet\\testProj\\vendor\\laravel\\framework\\src\\Illuminate\\Database\\Migrations\\Migrator.php(181): Illuminate\\Database\\Migrations\\Migrator->runUp('C:\\\\Users\\\\Nicole...', 1, false)
#15 C:\\Users\\Nicole.VIGAN\\Documents\\Project_Team\\nouveau_projet\\testProj\\vendor\\laravel\\framework\\src\\Illuminate\\Database\\Migrations\\Migrator.php(124): Illuminate\\Database\\Migrations\\Migrator->runPending(Array, Array)
#16 C:\\Users\\Nicole.VIGAN\\Documents\\Project_Team\\nouveau_projet\\testProj\\vendor\\laravel\\framework\\src\\Illuminate\\Database\\Console\\Migrations\\MigrateCommand.php(90): Illuminate\\Database\\Migrations\\Migrator->run(Array, Array)
#17 C:\\Users\\Nicole.VIGAN\\Documents\\Project_Team\\nouveau_projet\\testProj\\vendor\\laravel\\framework\\src\\Illuminate\\Database\\Migrations\\Migrator.php(633): Illuminate\\Database\\Console\\Migrations\\MigrateCommand->Illuminate\\Database\\Console\\Migrations\\{closure}()
#18 C:\\Users\\Nicole.VIGAN\\Documents\\Project_Team\\nouveau_projet\\testProj\\vendor\\laravel\\framework\\src\\Illuminate\\Database\\Console\\Migrations\\MigrateCommand.php(83): Illuminate\\Database\\Migrations\\Migrator->usingConnection(NULL, Object(Closure))
#19 C:\\Users\\Nicole.VIGAN\\Documents\\Project_Team\\nouveau_projet\\testProj\\vendor\\laravel\\framework\\src\\Illuminate\\Container\\BoundMethod.php(36): Illuminate\\Database\\Console\\Migrations\\MigrateCommand->handle()
#20 C:\\Users\\Nicole.VIGAN\\Documents\\Project_Team\\nouveau_projet\\testProj\\vendor\\laravel\\framework\\src\\Illuminate\\Container\\Util.php(41): Illuminate\\Container\\BoundMethod::Illuminate\\Container\\{closure}()
#21 C:\\Users\\Nicole.VIGAN\\Documents\\Project_Team\\nouveau_projet\\testProj\\vendor\\laravel\\framework\\src\\Illuminate\\Container\\BoundMethod.php(93): Illuminate\\Container\\Util::unwrapIfClosure(Object(Closure))
#22 C:\\Users\\Nicole.VIGAN\\Documents\\Project_Team\\nouveau_projet\\testProj\\vendor\\laravel\\framework\\src\\Illuminate\\Container\\BoundMethod.php(35): Illuminate\\Container\\BoundMethod::callBoundMethod(Object(Illuminate\\Foundation\\Application), Array, Object(Closure))
#23 C:\\Users\\Nicole.VIGAN\\Documents\\Project_Team\\nouveau_projet\\testProj\\vendor\\laravel\\framework\\src\\Illuminate\\Container\\Container.php(662): Illuminate\\Container\\BoundMethod::call(Object(Illuminate\\Foundation\\Application), Array, Array, NULL)
#24 C:\\Users\\Nicole.VIGAN\\Documents\\Project_Team\\nouveau_projet\\testProj\\vendor\\laravel\\framework\\src\\Illuminate\\Console\\Command.php(211): Illuminate\\Container\\Container->call(Array)
#25 C:\\Users\\Nicole.VIGAN\\Documents\\Project_Team\\nouveau_projet\\testProj\\vendor\\symfony\\console\\Command\\Command.php(326): Illuminate\\Console\\Command->execute(Object(Symfony\\Component\\Console\\Input\\ArgvInput), Object(Illuminate\\Console\\OutputStyle))
#26 C:\\Users\\Nicole.VIGAN\\Documents\\Project_Team\\nouveau_projet\\testProj\\vendor\\laravel\\framework\\src\\Illuminate\\Console\\Command.php(180): Symfony\\Component\\Console\\Command\\Command->run(Object(Symfony\\Component\\Console\\Input\\ArgvInput), Object(Illuminate\\Console\\OutputStyle))
#27 C:\\Users\\Nicole.VIGAN\\Documents\\Project_Team\\nouveau_projet\\testProj\\vendor\\symfony\\console\\Application.php(1081): Illuminate\\Console\\Command->run(Object(Symfony\\Component\\Console\\Input\\ArgvInput), Object(Symfony\\Component\\Console\\Output\\ConsoleOutput))
#28 C:\\Users\\Nicole.VIGAN\\Documents\\Project_Team\\nouveau_projet\\testProj\\vendor\\symfony\\console\\Application.php(320): Symfony\\Component\\Console\\Application->doRunCommand(Object(Illuminate\\Database\\Console\\Migrations\\MigrateCommand), Object(Symfony\\Component\\Console\\Input\\ArgvInput), Object(Symfony\\Component\\Console\\Output\\ConsoleOutput))
#29 C:\\Users\\Nicole.VIGAN\\Documents\\Project_Team\\nouveau_projet\\testProj\\vendor\\symfony\\console\\Application.php(174): Symfony\\Component\\Console\\Application->doRun(Object(Symfony\\Component\\Console\\Input\\ArgvInput), Object(Symfony\\Component\\Console\\Output\\ConsoleOutput))
#30 C:\\Users\\Nicole.VIGAN\\Documents\\Project_Team\\nouveau_projet\\testProj\\vendor\\laravel\\framework\\src\\Illuminate\\Foundation\\Console\\Kernel.php(201): Symfony\\Component\\Console\\Application->run(Object(Symfony\\Component\\Console\\Input\\ArgvInput), Object(Symfony\\Component\\Console\\Output\\ConsoleOutput))
#31 C:\\Users\\Nicole.VIGAN\\Documents\\Project_Team\\nouveau_projet\\testProj\\artisan(35): Illuminate\\Foundation\\Console\\Kernel->handle(Object(Symfony\\Component\\Console\\Input\\ArgvInput), Object(Symfony\\Component\\Console\\Output\\ConsoleOutput))
#32 {main}

[previous exception] [object] (PDOException(code: 42S01): SQLSTATE[42S01]: Base table or view already exists: 1050 Table 'sessions' already exists at C:\\Users\\Nicole.VIGAN\\Documents\\Project_Team\\nouveau_projet\\testProj\\vendor\\laravel\\framework\\src\\Illuminate\\Database\\Connection.php:580)
[stacktrace]
#0 C:\\Users\\Nicole.VIGAN\\Documents\\Project_Team\\nouveau_projet\\testProj\\vendor\\laravel\\framework\\src\\Illuminate\\Database\\Connection.php(580): PDOStatement->execute()
#1 C:\\Users\\Nicole.VIGAN\\Documents\\Project_Team\\nouveau_projet\\testProj\\vendor\\laravel\\framework\\src\\Illuminate\\Database\\Connection.php(788): Illuminate\\Database\\Connection->Illuminate\\Database\\{closure}('create table `s...', Array)
#2 C:\\Users\\Nicole.VIGAN\\Documents\\Project_Team\\nouveau_projet\\testProj\\vendor\\laravel\\framework\\src\\Illuminate\\Database\\Connection.php(755): Illuminate\\Database\\Connection->runQueryCallback('create table `s...', Array, Object(Closure))
#3 C:\\Users\\Nicole.VIGAN\\Documents\\Project_Team\\nouveau_projet\\testProj\\vendor\\laravel\\framework\\src\\Illuminate\\Database\\Connection.php(569): Illuminate\\Database\\Connection->run('create table `s...', Array, Object(Closure))
#4 C:\\Users\\Nicole.VIGAN\\Documents\\Project_Team\\nouveau_projet\\testProj\\vendor\\laravel\\framework\\src\\Illuminate\\Database\\Schema\\Blueprint.php(110): Illuminate\\Database\\Connection->statement('create table `s...')
#5 C:\\Users\\Nicole.VIGAN\\Documents\\Project_Team\\nouveau_projet\\testProj\\vendor\\laravel\\framework\\src\\Illuminate\\Database\\Schema\\Builder.php(439): Illuminate\\Database\\Schema\\Blueprint->build(Object(Illuminate\\Database\\MySqlConnection), Object(Illuminate\\Database\\Schema\\Grammars\\MySqlGrammar))
#6 C:\\Users\\Nicole.VIGAN\\Documents\\Project_Team\\nouveau_projet\\testProj\\vendor\\laravel\\framework\\src\\Illuminate\\Database\\Schema\\Builder.php(281): Illuminate\\Database\\Schema\\Builder->build(Object(Illuminate\\Database\\Schema\\Blueprint))
#7 C:\\Users\\Nicole.VIGAN\\Documents\\Project_Team\\nouveau_projet\\testProj\\vendor\\laravel\\framework\\src\\Illuminate\\Support\\Facades\\Facade.php(353): Illuminate\\Database\\Schema\\Builder->create('sessions', Object(Closure))
#8 C:\\Users\\Nicole.VIGAN\\Documents\\Project_Team\\nouveau_projet\\testProj\\database\\migrations\\2023_10_05_094312_create_sessions_table.php(14): Illuminate\\Support\\Facades\\Facade::__callStatic('create', Array)
#9 C:\\Users\\Nicole.VIGAN\\Documents\\Project_Team\\nouveau_projet\\testProj\\vendor\\laravel\\framework\\src\\Illuminate\\Database\\Migrations\\Migrator.php(493): Illuminate\\Database\\Migrations\\Migration@anonymous->up()
#10 C:\\Users\\Nicole.VIGAN\\Documents\\Project_Team\\nouveau_projet\\testProj\\vendor\\laravel\\framework\\src\\Illuminate\\Database\\Migrations\\Migrator.php(410): Illuminate\\Database\\Migrations\\Migrator->runMethod(Object(Illuminate\\Database\\MySqlConnection), Object(Illuminate\\Database\\Migrations\\Migration@anonymous), 'up')
#11 C:\\Users\\Nicole.VIGAN\\Documents\\Project_Team\\nouveau_projet\\testProj\\vendor\\laravel\\framework\\src\\Illuminate\\Database\\Migrations\\Migrator.php(419): Illuminate\\Database\\Migrations\\Migrator->Illuminate\\Database\\Migrations\\{closure}()
#12 C:\\Users\\Nicole.VIGAN\\Documents\\Project_Team\\nouveau_projet\\testProj\\vendor\\laravel\\framework\\src\\Illuminate\\Database\\Migrations\\Migrator.php(216): Illuminate\\Database\\Migrations\\Migrator->runMigration(Object(Illuminate\\Database\\Migrations\\Migration@anonymous), 'up')
#13 C:\\Users\\Nicole.VIGAN\\Documents\\Project_Team\\nouveau_projet\\testProj\\vendor\\laravel\\framework\\src\\Illuminate\\Console\\View\\Components\\Task.php(37): Illuminate\\Database\\Migrations\\Migrator->Illuminate\\Database\\Migrations\\{closure}()
#14 C:\\Users\\Nicole.VIGAN\\Documents\\Project_Team\\nouveau_projet\\testProj\\vendor\\laravel\\framework\\src\\Illuminate\\Database\\Migrations\\Migrator.php(756): Illuminate\\Console\\View\\Components\\Task->render('2023_10_05_0943...', Object(Closure))
#15 C:\\Users\\Nicole.VIGAN\\Documents\\Project_Team\\nouveau_projet\\testProj\\vendor\\laravel\\framework\\src\\Illuminate\\Database\\Migrations\\Migrator.php(216): Illuminate\\Database\\Migrations\\Migrator->write('Illuminate\\\\Cons...', '2023_10_05_0943...', Object(Closure))
#16 C:\\Users\\Nicole.VIGAN\\Documents\\Project_Team\\nouveau_projet\\testProj\\vendor\\laravel\\framework\\src\\Illuminate\\Database\\Migrations\\Migrator.php(181): Illuminate\\Database\\Migrations\\Migrator->runUp('C:\\\\Users\\\\Nicole...', 1, false)
#17 C:\\Users\\Nicole.VIGAN\\Documents\\Project_Team\\nouveau_projet\\testProj\\vendor\\laravel\\framework\\src\\Illuminate\\Database\\Migrations\\Migrator.php(124): Illuminate\\Database\\Migrations\\Migrator->runPending(Array, Array)
#18 C:\\Users\\Nicole.VIGAN\\Documents\\Project_Team\\nouveau_projet\\testProj\\vendor\\laravel\\framework\\src\\Illuminate\\Database\\Console\\Migrations\\MigrateCommand.php(90): Illuminate\\Database\\Migrations\\Migrator->run(Array, Array)
#19 C:\\Users\\Nicole.VIGAN\\Documents\\Project_Team\\nouveau_projet\\testProj\\vendor\\laravel\\framework\\src\\Illuminate\\Database\\Migrations\\Migrator.php(633): Illuminate\\Database\\Console\\Migrations\\MigrateCommand->Illuminate\\Database\\Console\\Migrations\\{closure}()
#20 C:\\Users\\Nicole.VIGAN\\Documents\\Project_Team\\nouveau_projet\\testProj\\vendor\\laravel\\framework\\src\\Illuminate\\Database\\Console\\Migrations\\MigrateCommand.php(83): Illuminate\\Database\\Migrations\\Migrator->usingConnection(NULL, Object(Closure))
#21 C:\\Users\\Nicole.VIGAN\\Documents\\Project_Team\\nouveau_projet\\testProj\\vendor\\laravel\\framework\\src\\Illuminate\\Container\\BoundMethod.php(36): Illuminate\\Database\\Console\\Migrations\\MigrateCommand->handle()
#22 C:\\Users\\Nicole.VIGAN\\Documents\\Project_Team\\nouveau_projet\\testProj\\vendor\\laravel\\framework\\src\\Illuminate\\Container\\Util.php(41): Illuminate\\Container\\BoundMethod::Illuminate\\Container\\{closure}()
#23 C:\\Users\\Nicole.VIGAN\\Documents\\Project_Team\\nouveau_projet\\testProj\\vendor\\laravel\\framework\\src\\Illuminate\\Container\\BoundMethod.php(93): Illuminate\\Container\\Util::unwrapIfClosure(Object(Closure))
#24 C:\\Users\\Nicole.VIGAN\\Documents\\Project_Team\\nouveau_projet\\testProj\\vendor\\laravel\\framework\\src\\Illuminate\\Container\\BoundMethod.php(35): Illuminate\\Container\\BoundMethod::callBoundMethod(Object(Illuminate\\Foundation\\Application), Array, Object(Closure))
#25 C:\\Users\\Nicole.VIGAN\\Documents\\Project_Team\\nouveau_projet\\testProj\\vendor\\laravel\\framework\\src\\Illuminate\\Container\\Container.php(662): Illuminate\\Container\\BoundMethod::call(Object(Illuminate\\Foundation\\Application), Array, Array, NULL)
#26 C:\\Users\\Nicole.VIGAN\\Documents\\Project_Team\\nouveau_projet\\testProj\\vendor\\laravel\\framework\\src\\Illuminate\\Console\\Command.php(211): Illuminate\\Container\\Container->call(Array)
#27 C:\\Users\\Nicole.VIGAN\\Documents\\Project_Team\\nouveau_projet\\testProj\\vendor\\symfony\\console\\Command\\Command.php(326): Illuminate\\Console\\Command->execute(Object(Symfony\\Component\\Console\\Input\\ArgvInput), Object(Illuminate\\Console\\OutputStyle))
#28 C:\\Users\\Nicole.VIGAN\\Documents\\Project_Team\\nouveau_projet\\testProj\\vendor\\laravel\\framework\\src\\Illuminate\\Console\\Command.php(180): Symfony\\Component\\Console\\Command\\Command->run(Object(Symfony\\Component\\Console\\Input\\ArgvInput), Object(Illuminate\\Console\\OutputStyle))
#29 C:\\Users\\Nicole.VIGAN\\Documents\\Project_Team\\nouveau_projet\\testProj\\vendor\\symfony\\console\\Application.php(1081): Illuminate\\Console\\Command->run(Object(Symfony\\Component\\Console\\Input\\ArgvInput), Object(Symfony\\Component\\Console\\Output\\ConsoleOutput))
#30 C:\\Users\\Nicole.VIGAN\\Documents\\Project_Team\\nouveau_projet\\testProj\\vendor\\symfony\\console\\Application.php(320): Symfony\\Component\\Console\\Application->doRunCommand(Object(Illuminate\\Database\\Console\\Migrations\\MigrateCommand), Object(Symfony\\Component\\Console\\Input\\ArgvInput), Object(Symfony\\Component\\Console\\Output\\ConsoleOutput))
#31 C:\\Users\\Nicole.VIGAN\\Documents\\Project_Team\\nouveau_projet\\testProj\\vendor\\symfony\\console\\Application.php(174): Symfony\\Component\\Console\\Application->doRun(Object(Symfony\\Component\\Console\\Input\\ArgvInput), Object(Symfony\\Component\\Console\\Output\\ConsoleOutput))
#32 C:\\Users\\Nicole.VIGAN\\Documents\\Project_Team\\nouveau_projet\\testProj\\vendor\\laravel\\framework\\src\\Illuminate\\Foundation\\Console\\Kernel.php(201): Symfony\\Component\\Console\\Application->run(Object(Symfony\\Component\\Console\\Input\\ArgvInput), Object(Symfony\\Component\\Console\\Output\\ConsoleOutput))
#33 C:\\Users\\Nicole.VIGAN\\Documents\\Project_Team\\nouveau_projet\\testProj\\artisan(35): Illuminate\\Foundation\\Console\\Kernel->handle(Object(Symfony\\Component\\Console\\Input\\ArgvInput), Object(Symfony\\Component\\Console\\Output\\ConsoleOutput))
#34 {main}
"} 
[2023-10-05 11:10:00] local.ERROR: No application encryption key has been specified. {"exception":"[object] (Illuminate\\Encryption\\MissingAppKeyException(code: 0): No application encryption key has been specified. at C:\\Users\\Nicole.VIGAN\\Documents\\Project_Team\\nouveau_projet\\testProj\\vendor\\laravel\\framework\\src\\Illuminate\\Encryption\\EncryptionServiceProvider.php:79)
[stacktrace]
#0 C:\\Users\\Nicole.VIGAN\\Documents\\Project_Team\\nouveau_projet\\testProj\\vendor\\laravel\\framework\\src\\Illuminate\\Support\\helpers.php(307): Illuminate\\Encryption\\EncryptionServiceProvider->Illuminate\\Encryption\\{closure}('')
#1 C:\\Users\\Nicole.VIGAN\\Documents\\Project_Team\\nouveau_projet\\testProj\\vendor\\laravel\\framework\\src\\Illuminate\\Encryption\\EncryptionServiceProvider.php(77): tap('', Object(Closure))
#2 C:\\Users\\Nicole.VIGAN\\Documents\\Project_Team\\nouveau_projet\\testProj\\vendor\\laravel\\framework\\src\\Illuminate\\Encryption\\EncryptionServiceProvider.php(60): Illuminate\\Encryption\\EncryptionServiceProvider->key(Array)
#3 C:\\Users\\Nicole.VIGAN\\Documents\\Project_Team\\nouveau_projet\\testProj\\vendor\\laravel\\framework\\src\\Illuminate\\Encryption\\EncryptionServiceProvider.php(32): Illuminate\\Encryption\\EncryptionServiceProvider->parseKey(Array)
#4 C:\\Users\\Nicole.VIGAN\\Documents\\Project_Team\\nouveau_projet\\testProj\\vendor\\laravel\\framework\\src\\Illuminate\\Container\\Container.php(908): Illuminate\\Encryption\\EncryptionServiceProvider->Illuminate\\Encryption\\{closure}(Object(Illuminate\\Foundation\\Application), Array)
#5 C:\\Users\\Nicole.VIGAN\\Documents\\Project_Team\\nouveau_projet\\testProj\\vendor\\laravel\\framework\\src\\Illuminate\\Container\\Container.php(795): Illuminate\\Container\\Container->build(Object(Closure))
#6 C:\\Users\\Nicole.VIGAN\\Documents\\Project_Team\\nouveau_projet\\testProj\\vendor\\laravel\\framework\\src\\Illuminate\\Foundation\\Application.php(937): Illuminate\\Container\\Container->resolve('encrypter', Array, true)
#7 C:\\Users\\Nicole.VIGAN\\Documents\\Project_Team\\nouveau_projet\\testProj\\vendor\\laravel\\framework\\src\\Illuminate\\Container\\Container.php(731): Illuminate\\Foundation\\Application->resolve('encrypter', Array)
#8 C:\\Users\\Nicole.VIGAN\\Documents\\Project_Team\\nouveau_projet\\testProj\\vendor\\laravel\\framework\\src\\Illuminate\\Foundation\\Application.php(922): Illuminate\\Container\\Container->make('encrypter', Array)
#9 C:\\Users\\Nicole.VIGAN\\Documents\\Project_Team\\nouveau_projet\\testProj\\vendor\\laravel\\framework\\src\\Illuminate\\Container\\Container.php(1066): Illuminate\\Foundation\\Application->make('encrypter')
#10 C:\\Users\\Nicole.VIGAN\\Documents\\Project_Team\\nouveau_projet\\testProj\\vendor\\laravel\\framework\\src\\Illuminate\\Container\\Container.php(982): Illuminate\\Container\\Container->resolveClass(Object(ReflectionParameter))
#11 C:\\Users\\Nicole.VIGAN\\Documents\\Project_Team\\nouveau_projet\\testProj\\vendor\\laravel\\framework\\src\\Illuminate\\Container\\Container.php(943): Illuminate\\Container\\Container->resolveDependencies(Array)
#12 C:\\Users\\Nicole.VIGAN\\Documents\\Project_Team\\nouveau_projet\\testProj\\vendor\\laravel\\framework\\src\\Illuminate\\Container\\Container.php(795): Illuminate\\Container\\Container->build('App\\\\Http\\\\Middle...')
#13 C:\\Users\\Nicole.VIGAN\\Documents\\Project_Team\\nouveau_projet\\testProj\\vendor\\laravel\\framework\\src\\Illuminate\\Foundation\\Application.php(937): Illuminate\\Container\\Container->resolve('App\\\\Http\\\\Middle...', Array, true)
#14 C:\\Users\\Nicole.VIGAN\\Documents\\Project_Team\\nouveau_projet\\testProj\\vendor\\laravel\\framework\\src\\Illuminate\\Container\\Container.php(731): Illuminate\\Foundation\\Application->resolve('App\\\\Http\\\\Middle...', Array)
#15 C:\\Users\\Nicole.VIGAN\\Documents\\Project_Team\\nouveau_projet\\testProj\\vendor\\laravel\\framework\\src\\Illuminate\\Foundation\\Application.php(922): Illuminate\\Container\\Container->make('App\\\\Http\\\\Middle...', Array)
#16 C:\\Users\\Nicole.VIGAN\\Documents\\Project_Team\\nouveau_projet\\testProj\\vendor\\laravel\\framework\\src\\Illuminate\\Pipeline\\Pipeline.php(169): Illuminate\\Foundation\\Application->make('App\\\\Http\\\\Middle...')
#17 C:\\Users\\Nicole.VIGAN\\Documents\\Project_Team\\nouveau_projet\\testProj\\vendor\\laravel\\framework\\src\\Illuminate\\Pipeline\\Pipeline.php(116): Illuminate\\Pipeline\\Pipeline->Illuminate\\Pipeline\\{closure}(Object(Illuminate\\Http\\Request))
#18 C:\\Users\\Nicole.VIGAN\\Documents\\Project_Team\\nouveau_projet\\testProj\\vendor\\laravel\\framework\\src\\Illuminate\\Routing\\Router.php(798): Illuminate\\Pipeline\\Pipeline->then(Object(Closure))
#19 C:\\Users\\Nicole.VIGAN\\Documents\\Project_Team\\nouveau_projet\\testProj\\vendor\\laravel\\framework\\src\\Illuminate\\Routing\\Router.php(777): Illuminate\\Routing\\Router->runRouteWithinStack(Object(Illuminate\\Routing\\Route), Object(Illuminate\\Http\\Request))
#20 C:\\Users\\Nicole.VIGAN\\Documents\\Project_Team\\nouveau_projet\\testProj\\vendor\\laravel\\framework\\src\\Illuminate\\Routing\\Router.php(741): Illuminate\\Routing\\Router->runRoute(Object(Illuminate\\Http\\Request), Object(Illuminate\\Routing\\Route))
#21 C:\\Users\\Nicole.VIGAN\\Documents\\Project_Team\\nouveau_projet\\testProj\\vendor\\laravel\\framework\\src\\Illuminate\\Routing\\Router.php(730): Illuminate\\Routing\\Router->dispatchToRoute(Object(Illuminate\\Http\\Request))
#22 C:\\Users\\Nicole.VIGAN\\Documents\\Project_Team\\nouveau_projet\\testProj\\vendor\\laravel\\framework\\src\\Illuminate\\Foundation\\Http\\Kernel.php(200): Illuminate\\Routing\\Router->dispatch(Object(Illuminate\\Http\\Request))
#23 C:\\Users\\Nicole.VIGAN\\Documents\\Project_Team\\nouveau_projet\\testProj\\vendor\\laravel\\framework\\src\\Illuminate\\Pipeline\\Pipeline.php(141): Illuminate\\Foundation\\Http\\Kernel->Illuminate\\Foundation\\Http\\{closure}(Object(Illuminate\\Http\\Request))
#24 C:\\Users\\Nicole.VIGAN\\Documents\\Project_Team\\nouveau_projet\\testProj\\vendor\\laravel\\framework\\src\\Illuminate\\Foundation\\Http\\Middleware\\TransformsRequest.php(21): Illuminate\\Pipeline\\Pipeline->Illuminate\\Pipeline\\{closure}(Object(Illuminate\\Http\\Request))
#25 C:\\Users\\Nicole.VIGAN\\Documents\\Project_Team\\nouveau_projet\\testProj\\vendor\\laravel\\framework\\src\\Illuminate\\Foundation\\Http\\Middleware\\ConvertEmptyStringsToNull.php(31): Illuminate\\Foundation\\Http\\Middleware\\TransformsRequest->handle(Object(Illuminate\\Http\\Request), Object(Closure))
#26 C:\\Users\\Nicole.VIGAN\\Documents\\Project_Team\\nouveau_projet\\testProj\\vendor\\laravel\\framework\\src\\Illuminate\\Pipeline\\Pipeline.php(180): Illuminate\\Foundation\\Http\\Middleware\\ConvertEmptyStringsToNull->handle(Object(Illuminate\\Http\\Request), Object(Closure))
#27 C:\\Users\\Nicole.VIGAN\\Documents\\Project_Team\\nouveau_projet\\testProj\\vendor\\laravel\\framework\\src\\Illuminate\\Foundation\\Http\\Middleware\\TransformsRequest.php(21): Illuminate\\Pipeline\\Pipeline->Illuminate\\Pipeline\\{closure}(Object(Illuminate\\Http\\Request))
#28 C:\\Users\\Nicole.VIGAN\\Documents\\Project_Team\\nouveau_projet\\testProj\\vendor\\laravel\\framework\\src\\Illuminate\\Foundation\\Http\\Middleware\\TrimStrings.php(40): Illuminate\\Foundation\\Http\\Middleware\\TransformsRequest->handle(Object(Illuminate\\Http\\Request), Object(Closure))
#29 C:\\Users\\Nicole.VIGAN\\Documents\\Project_Team\\nouveau_projet\\testProj\\vendor\\laravel\\framework\\src\\Illuminate\\Pipeline\\Pipeline.php(180): Illuminate\\Foundation\\Http\\Middleware\\TrimStrings->handle(Object(Illuminate\\Http\\Request), Object(Closure))
#30 C:\\Users\\Nicole.VIGAN\\Documents\\Project_Team\\nouveau_projet\\testProj\\vendor\\laravel\\framework\\src\\Illuminate\\Foundation\\Http\\Middleware\\ValidatePostSize.php(27): Illuminate\\Pipeline\\Pipeline->Illuminate\\Pipeline\\{closure}(Object(Illuminate\\Http\\Request))
#31 C:\\Users\\Nicole.VIGAN\\Documents\\Project_Team\\nouveau_projet\\testProj\\vendor\\laravel\\framework\\src\\Illuminate\\Pipeline\\Pipeline.php(180): Illuminate\\Foundation\\Http\\Middleware\\ValidatePostSize->handle(Object(Illuminate\\Http\\Request), Object(Closure))
#32 C:\\Users\\Nicole.VIGAN\\Documents\\Project_Team\\nouveau_projet\\testProj\\vendor\\laravel\\framework\\src\\Illuminate\\Foundation\\Http\\Middleware\\PreventRequestsDuringMaintenance.php(99): Illuminate\\Pipeline\\Pipeline->Illuminate\\Pipeline\\{closure}(Object(Illuminate\\Http\\Request))
#33 C:\\Users\\Nicole.VIGAN\\Documents\\Project_Team\\nouveau_projet\\testProj\\vendor\\laravel\\framework\\src\\Illuminate\\Pipeline\\Pipeline.php(180): Illuminate\\Foundation\\Http\\Middleware\\PreventRequestsDuringMaintenance->handle(Object(Illuminate\\Http\\Request), Object(Closure))
#34 C:\\Users\\Nicole.VIGAN\\Documents\\Project_Team\\nouveau_projet\\testProj\\vendor\\laravel\\framework\\src\\Illuminate\\Http\\Middleware\\HandleCors.php(49): Illuminate\\Pipeline\\Pipeline->Illuminate\\Pipeline\\{closure}(Object(Illuminate\\Http\\Request))
#35 C:\\Users\\Nicole.VIGAN\\Documents\\Project_Team\\nouveau_projet\\testProj\\vendor\\laravel\\framework\\src\\Illuminate\\Pipeline\\Pipeline.php(180): Illuminate\\Http\\Middleware\\HandleCors->handle(Object(Illuminate\\Http\\Request), Object(Closure))
#36 C:\\Users\\Nicole.VIGAN\\Documents\\Project_Team\\nouveau_projet\\testProj\\vendor\\laravel\\framework\\src\\Illuminate\\Http\\Middleware\\TrustProxies.php(39): Illuminate\\Pipeline\\Pipeline->Illuminate\\Pipeline\\{closure}(Object(Illuminate\\Http\\Request))
#37 C:\\Users\\Nicole.VIGAN\\Documents\\Project_Team\\nouveau_projet\\testProj\\vendor\\laravel\\framework\\src\\Illuminate\\Pipeline\\Pipeline.php(180): Illuminate\\Http\\Middleware\\TrustProxies->handle(Object(Illuminate\\Http\\Request), Object(Closure))
#38 C:\\Users\\Nicole.VIGAN\\Documents\\Project_Team\\nouveau_projet\\testProj\\vendor\\laravel\\framework\\src\\Illuminate\\Pipeline\\Pipeline.php(116): Illuminate\\Pipeline\\Pipeline->Illuminate\\Pipeline\\{closure}(Object(Illuminate\\Http\\Request))
#39 C:\\Users\\Nicole.VIGAN\\Documents\\Project_Team\\nouveau_projet\\testProj\\vendor\\laravel\\framework\\src\\Illuminate\\Foundation\\Http\\Kernel.php(175): Illuminate\\Pipeline\\Pipeline->then(Object(Closure))
#40 C:\\Users\\Nicole.VIGAN\\Documents\\Project_Team\\nouveau_projet\\testProj\\vendor\\laravel\\framework\\src\\Illuminate\\Foundation\\Http\\Kernel.php(144): Illuminate\\Foundation\\Http\\Kernel->sendRequestThroughRouter(Object(Illuminate\\Http\\Request))
#41 C:\\Users\\Nicole.VIGAN\\Documents\\Project_Team\\nouveau_projet\\testProj\\public\\index.php(51): Illuminate\\Foundation\\Http\\Kernel->handle(Object(Illuminate\\Http\\Request))
#42 C:\\Users\\Nicole.VIGAN\\Documents\\Project_Team\\nouveau_projet\\testProj\\vendor\\laravel\\framework\\src\\Illuminate\\Foundation\\resources\\server.php(16): require_once('C:\\\\Users\\\\Nicole...')
#43 {main}
"} 
[2023-10-05 11:10:01] local.ERROR: No application encryption key has been specified. {"exception":"[object] (Illuminate\\Encryption\\MissingAppKeyException(code: 0): No application encryption key has been specified. at C:\\Users\\Nicole.VIGAN\\Documents\\Project_Team\\nouveau_projet\\testProj\\vendor\\laravel\\framework\\src\\Illuminate\\Encryption\\EncryptionServiceProvider.php:79)
[stacktrace]
#0 C:\\Users\\Nicole.VIGAN\\Documents\\Project_Team\\nouveau_projet\\testProj\\vendor\\laravel\\framework\\src\\Illuminate\\Support\\helpers.php(307): Illuminate\\Encryption\\EncryptionServiceProvider->Illuminate\\Encryption\\{closure}('')
#1 C:\\Users\\Nicole.VIGAN\\Documents\\Project_Team\\nouveau_projet\\testProj\\vendor\\laravel\\framework\\src\\Illuminate\\Encryption\\EncryptionServiceProvider.php(77): tap('', Object(Closure))
#2 C:\\Users\\Nicole.VIGAN\\Documents\\Project_Team\\nouveau_projet\\testProj\\vendor\\laravel\\framework\\src\\Illuminate\\Encryption\\EncryptionServiceProvider.php(60): Illuminate\\Encryption\\EncryptionServiceProvider->key(Array)
#3 C:\\Users\\Nicole.VIGAN\\Documents\\Project_Team\\nouveau_projet\\testProj\\vendor\\laravel\\framework\\src\\Illuminate\\Encryption\\EncryptionServiceProvider.php(32): Illuminate\\Encryption\\EncryptionServiceProvider->parseKey(Array)
#4 C:\\Users\\Nicole.VIGAN\\Documents\\Project_Team\\nouveau_projet\\testProj\\vendor\\laravel\\framework\\src\\Illuminate\\Container\\Container.php(908): Illuminate\\Encryption\\EncryptionServiceProvider->Illuminate\\Encryption\\{closure}(Object(Illuminate\\Foundation\\Application), Array)
#5 C:\\Users\\Nicole.VIGAN\\Documents\\Project_Team\\nouveau_projet\\testProj\\vendor\\laravel\\framework\\src\\Illuminate\\Container\\Container.php(795): Illuminate\\Container\\Container->build(Object(Closure))
#6 C:\\Users\\Nicole.VIGAN\\Documents\\Project_Team\\nouveau_projet\\testProj\\vendor\\laravel\\framework\\src\\Illuminate\\Foundation\\Application.php(937): Illuminate\\Container\\Container->resolve('encrypter', Array, true)
#7 C:\\Users\\Nicole.VIGAN\\Documents\\Project_Team\\nouveau_projet\\testProj\\vendor\\laravel\\framework\\src\\Illuminate\\Container\\Container.php(731): Illuminate\\Foundation\\Application->resolve('encrypter', Array)
#8 C:\\Users\\Nicole.VIGAN\\Documents\\Project_Team\\nouveau_projet\\testProj\\vendor\\laravel\\framework\\src\\Illuminate\\Foundation\\Application.php(922): Illuminate\\Container\\Container->make('encrypter', Array)
#9 C:\\Users\\Nicole.VIGAN\\Documents\\Project_Team\\nouveau_projet\\testProj\\vendor\\laravel\\framework\\src\\Illuminate\\Container\\Container.php(1066): Illuminate\\Foundation\\Application->make('encrypter')
#10 C:\\Users\\Nicole.VIGAN\\Documents\\Project_Team\\nouveau_projet\\testProj\\vendor\\laravel\\framework\\src\\Illuminate\\Container\\Container.php(982): Illuminate\\Container\\Container->resolveClass(Object(ReflectionParameter))
#11 C:\\Users\\Nicole.VIGAN\\Documents\\Project_Team\\nouveau_projet\\testProj\\vendor\\laravel\\framework\\src\\Illuminate\\Container\\Container.php(943): Illuminate\\Container\\Container->resolveDependencies(Array)
#12 C:\\Users\\Nicole.VIGAN\\Documents\\Project_Team\\nouveau_projet\\testProj\\vendor\\laravel\\framework\\src\\Illuminate\\Container\\Container.php(795): Illuminate\\Container\\Container->build('App\\\\Http\\\\Middle...')
#13 C:\\Users\\Nicole.VIGAN\\Documents\\Project_Team\\nouveau_projet\\testProj\\vendor\\laravel\\framework\\src\\Illuminate\\Foundation\\Application.php(937): Illuminate\\Container\\Container->resolve('App\\\\Http\\\\Middle...', Array, true)
#14 C:\\Users\\Nicole.VIGAN\\Documents\\Project_Team\\nouveau_projet\\testProj\\vendor\\laravel\\framework\\src\\Illuminate\\Container\\Container.php(731): Illuminate\\Foundation\\Application->resolve('App\\\\Http\\\\Middle...', Array)
#15 C:\\Users\\Nicole.VIGAN\\Documents\\Project_Team\\nouveau_projet\\testProj\\vendor\\laravel\\framework\\src\\Illuminate\\Foundation\\Application.php(922): Illuminate\\Container\\Container->make('App\\\\Http\\\\Middle...', Array)
#16 C:\\Users\\Nicole.VIGAN\\Documents\\Project_Team\\nouveau_projet\\testProj\\vendor\\laravel\\framework\\src\\Illuminate\\Foundation\\Http\\Kernel.php(255): Illuminate\\Foundation\\Application->make('App\\\\Http\\\\Middle...')
#17 C:\\Users\\Nicole.VIGAN\\Documents\\Project_Team\\nouveau_projet\\testProj\\vendor\\laravel\\framework\\src\\Illuminate\\Foundation\\Http\\Kernel.php(213): Illuminate\\Foundation\\Http\\Kernel->terminateMiddleware(Object(Illuminate\\Http\\Request), Object(Illuminate\\Http\\Response))
#18 C:\\Users\\Nicole.VIGAN\\Documents\\Project_Team\\nouveau_projet\\testProj\\public\\index.php(55): Illuminate\\Foundation\\Http\\Kernel->terminate(Object(Illuminate\\Http\\Request), Object(Illuminate\\Http\\Response))
#19 C:\\Users\\Nicole.VIGAN\\Documents\\Project_Team\\nouveau_projet\\testProj\\vendor\\laravel\\framework\\src\\Illuminate\\Foundation\\resources\\server.php(16): require_once('C:\\\\Users\\\\Nicole...')
#20 {main}
"} 
[2023-10-05 11:10:46] local.ERROR: Vite manifest not found at: C:\Users\Nicole.VIGAN\Documents\Project_Team\nouveau_projet\testProj\public\build/manifest.json {"view":{"view":"C:\\Users\\Nicole.VIGAN\\Documents\\Project_Team\\nouveau_projet\\testProj\\resources\\views\\app.blade.php","data":{"errors":"<pre class=sf-dump id=sf-dump-1670639462 data-indent-pad=\"  \"><span class=sf-dump-note>Illuminate\\Support\\ViewErrorBag</span> {<a class=sf-dump-ref>#1339</a><samp data-depth=1 class=sf-dump-expanded>
  #<span class=sf-dump-protected title=\"Protected property\">bags</span>: []
</samp>}
</pre><script>Sfdump(\"sf-dump-1670639462\", {\"maxDepth\":3,\"maxStringLength\":160})</script>
","page":"<pre class=sf-dump id=sf-dump-1704253050 data-indent-pad=\"  \"><span class=sf-dump-note>array:4</span> [<samp data-depth=1 class=sf-dump-expanded>
  \"<span class=sf-dump-key>component</span>\" => \"<span class=sf-dump-str title=\"7 characters\">Welcome</span>\"
  \"<span class=sf-dump-key>props</span>\" => <span class=sf-dump-note>array:8</span> [<samp data-depth=2 class=sf-dump-compact>
    \"<span class=sf-dump-key>jetstream</span>\" => <span class=sf-dump-note>array:11</span> [<samp data-depth=3 class=sf-dump-compact>
      \"<span class=sf-dump-key>canCreateTeams</span>\" => <span class=sf-dump-const>false</span>
      \"<span class=sf-dump-key>canManageTwoFactorAuthentication</span>\" => <span class=sf-dump-const>true</span>
      \"<span class=sf-dump-key>canUpdatePassword</span>\" => <span class=sf-dump-const>true</span>
      \"<span class=sf-dump-key>canUpdateProfileInformation</span>\" => <span class=sf-dump-const>true</span>
      \"<span class=sf-dump-key>hasEmailVerification</span>\" => <span class=sf-dump-const>false</span>
      \"<span class=sf-dump-key>flash</span>\" => []
      \"<span class=sf-dump-key>hasAccountDeletionFeatures</span>\" => <span class=sf-dump-const>true</span>
      \"<span class=sf-dump-key>hasApiFeatures</span>\" => <span class=sf-dump-const>false</span>
      \"<span class=sf-dump-key>hasTeamFeatures</span>\" => <span class=sf-dump-const>false</span>
      \"<span class=sf-dump-key>hasTermsAndPrivacyPolicyFeature</span>\" => <span class=sf-dump-const>false</span>
      \"<span class=sf-dump-key>managesProfilePhotos</span>\" => <span class=sf-dump-const>false</span>
    </samp>]
    \"<span class=sf-dump-key>auth</span>\" => <span class=sf-dump-note>array:1</span> [<samp data-depth=3 class=sf-dump-compact>
      \"<span class=sf-dump-key>user</span>\" => <span class=sf-dump-const>null</span>
    </samp>]
    \"<span class=sf-dump-key>errorBags</span>\" => []
    \"<span class=sf-dump-key>errors</span>\" => {<a class=sf-dump-ref>#1373</a>}
    \"<span class=sf-dump-key>canLogin</span>\" => <span class=sf-dump-const>true</span>
    \"<span class=sf-dump-key>canRegister</span>\" => <span class=sf-dump-const>true</span>
    \"<span class=sf-dump-key>laravelVersion</span>\" => \"<span class=sf-dump-str title=\"7 characters\">10.26.2</span>\"
    \"<span class=sf-dump-key>phpVersion</span>\" => \"<span class=sf-dump-str title=\"6 characters\">8.2.10</span>\"
  </samp>]
  \"<span class=sf-dump-key>url</span>\" => \"<span class=sf-dump-str>/</span>\"
  \"<span class=sf-dump-key>version</span>\" => \"\"
</samp>]
</pre><script>Sfdump(\"sf-dump-1704253050\", {\"maxDepth\":3,\"maxStringLength\":160})</script>
"}},"exception":"[object] (Spatie\\LaravelIgnition\\Exceptions\\ViewException(code: 0): Vite manifest not found at: C:\\Users\\Nicole.VIGAN\\Documents\\Project_Team\\nouveau_projet\\testProj\\public\\build/manifest.json at C:\\Users\\Nicole.VIGAN\\Documents\\Project_Team\\nouveau_projet\\testProj\\vendor\\laravel\\framework\\src\\Illuminate\\Foundation\\Vite.php:708)
[stacktrace]
#0 C:\\Users\\Nicole.VIGAN\\Documents\\Project_Team\\nouveau_projet\\testProj\\vendor\\laravel\\framework\\src\\Illuminate\\Foundation\\Vite.php(273): Illuminate\\Foundation\\Vite->manifest('build')
#1 C:\\Users\\Nicole.VIGAN\\Documents\\Project_Team\\nouveau_projet\\testProj\\resources\\views\\app.blade.php(15): Illuminate\\Foundation\\Vite->__invoke(Object(Illuminate\\Support\\Collection))
#2 C:\\Users\\Nicole.VIGAN\\Documents\\Project_Team\\nouveau_projet\\testProj\\vendor\\laravel\\framework\\src\\Illuminate\\Filesystem\\Filesystem.php(124): require('C:\\\\Users\\\\Nicole...')
#3 C:\\Users\\Nicole.VIGAN\\Documents\\Project_Team\\nouveau_projet\\testProj\\vendor\\laravel\\framework\\src\\Illuminate\\Filesystem\\Filesystem.php(125): Illuminate\\Filesystem\\Filesystem::Illuminate\\Filesystem\\{closure}()
#4 C:\\Users\\Nicole.VIGAN\\Documents\\Project_Team\\nouveau_projet\\testProj\\vendor\\laravel\\framework\\src\\Illuminate\\View\\Engines\\PhpEngine.php(58): Illuminate\\Filesystem\\Filesystem->getRequire('C:\\\\Users\\\\Nicole...', Array)
#5 C:\\Users\\Nicole.VIGAN\\Documents\\Project_Team\\nouveau_projet\\testProj\\vendor\\laravel\\framework\\src\\Illuminate\\View\\Engines\\CompilerEngine.php(72): Illuminate\\View\\Engines\\PhpEngine->evaluatePath('C:\\\\Users\\\\Nicole...', Array)
#6 C:\\Users\\Nicole.VIGAN\\Documents\\Project_Team\\nouveau_projet\\testProj\\vendor\\laravel\\framework\\src\\Illuminate\\View\\View.php(195): Illuminate\\View\\Engines\\CompilerEngine->get('C:\\\\Users\\\\Nicole...', Array)
#7 C:\\Users\\Nicole.VIGAN\\Documents\\Project_Team\\nouveau_projet\\testProj\\vendor\\laravel\\framework\\src\\Illuminate\\View\\View.php(178): Illuminate\\View\\View->getContents()
#8 C:\\Users\\Nicole.VIGAN\\Documents\\Project_Team\\nouveau_projet\\testProj\\vendor\\laravel\\framework\\src\\Illuminate\\View\\View.php(147): Illuminate\\View\\View->renderContents()
#9 C:\\Users\\Nicole.VIGAN\\Documents\\Project_Team\\nouveau_projet\\testProj\\vendor\\laravel\\framework\\src\\Illuminate\\Http\\Response.php(69): Illuminate\\View\\View->render()
#10 C:\\Users\\Nicole.VIGAN\\Documents\\Project_Team\\nouveau_projet\\testProj\\vendor\\laravel\\framework\\src\\Illuminate\\Http\\Response.php(35): Illuminate\\Http\\Response->setContent(Object(Illuminate\\View\\View))
#11 C:\\Users\\Nicole.VIGAN\\Documents\\Project_Team\\nouveau_projet\\testProj\\vendor\\laravel\\framework\\src\\Illuminate\\Routing\\ResponseFactory.php(57): Illuminate\\Http\\Response->__construct(Object(Illuminate\\View\\View), 200, Array)
#12 C:\\Users\\Nicole.VIGAN\\Documents\\Project_Team\\nouveau_projet\\testProj\\vendor\\laravel\\framework\\src\\Illuminate\\Routing\\ResponseFactory.php(87): Illuminate\\Routing\\ResponseFactory->make(Object(Illuminate\\View\\View), 200, Array)
#13 C:\\Users\\Nicole.VIGAN\\Documents\\Project_Team\\nouveau_projet\\testProj\\vendor\\laravel\\framework\\src\\Illuminate\\Support\\Facades\\Facade.php(353): Illuminate\\Routing\\ResponseFactory->view('app', Array)
#14 C:\\Users\\Nicole.VIGAN\\Documents\\Project_Team\\nouveau_projet\\testProj\\vendor\\inertiajs\\inertia-laravel\\src\\Response.php(110): Illuminate\\Support\\Facades\\Facade::__callStatic('view', Array)
#15 C:\\Users\\Nicole.VIGAN\\Documents\\Project_Team\\nouveau_projet\\testProj\\vendor\\laravel\\framework\\src\\Illuminate\\Routing\\Router.php(893): Inertia\\Response->toResponse(Object(Illuminate\\Http\\Request))
#16 C:\\Users\\Nicole.VIGAN\\Documents\\Project_Team\\nouveau_projet\\testProj\\vendor\\laravel\\framework\\src\\Illuminate\\Routing\\Router.php(878): Illuminate\\Routing\\Router::toResponse(Object(Illuminate\\Http\\Request), Object(Inertia\\Response))
#17 C:\\Users\\Nicole.VIGAN\\Documents\\Project_Team\\nouveau_projet\\testProj\\vendor\\laravel\\framework\\src\\Illuminate\\Routing\\Router.php(798): Illuminate\\Routing\\Router->prepareResponse(Object(Illuminate\\Http\\Request), Object(Inertia\\Response))
#18 C:\\Users\\Nicole.VIGAN\\Documents\\Project_Team\\nouveau_projet\\testProj\\vendor\\laravel\\framework\\src\\Illuminate\\Pipeline\\Pipeline.php(141): Illuminate\\Routing\\Router->Illuminate\\Routing\\{closure}(Object(Illuminate\\Http\\Request))
#19 C:\\Users\\Nicole.VIGAN\\Documents\\Project_Team\\nouveau_projet\\testProj\\vendor\\laravel\\framework\\src\\Illuminate\\Http\\Middleware\\AddLinkHeadersForPreloadedAssets.php(19): Illuminate\\Pipeline\\Pipeline->Illuminate\\Pipeline\\{closure}(Object(Illuminate\\Http\\Request))
#20 C:\\Users\\Nicole.VIGAN\\Documents\\Project_Team\\nouveau_projet\\testProj\\vendor\\laravel\\framework\\src\\Illuminate\\Pipeline\\Pipeline.php(180): Illuminate\\Http\\Middleware\\AddLinkHeadersForPreloadedAssets->handle(Object(Illuminate\\Http\\Request), Object(Closure))
#21 C:\\Users\\Nicole.VIGAN\\Documents\\Project_Team\\nouveau_projet\\testProj\\vendor\\inertiajs\\inertia-laravel\\src\\Middleware.php(87): Illuminate\\Pipeline\\Pipeline->Illuminate\\Pipeline\\{closure}(Object(Illuminate\\Http\\Request))
#22 C:\\Users\\Nicole.VIGAN\\Documents\\Project_Team\\nouveau_projet\\testProj\\vendor\\laravel\\framework\\src\\Illuminate\\Pipeline\\Pipeline.php(180): Inertia\\Middleware->handle(Object(Illuminate\\Http\\Request), Object(Closure))
#23 C:\\Users\\Nicole.VIGAN\\Documents\\Project_Team\\nouveau_projet\\testProj\\vendor\\laravel\\jetstream\\src\\Http\\Middleware\\ShareInertiaData.php(69): Illuminate\\Pipeline\\Pipeline->Illuminate\\Pipeline\\{closure}(Object(Illuminate\\Http\\Request))
#24 C:\\Users\\Nicole.VIGAN\\Documents\\Project_Team\\nouveau_projet\\testProj\\vendor\\laravel\\framework\\src\\Illuminate\\Pipeline\\Pipeline.php(180): Laravel\\Jetstream\\Http\\Middleware\\ShareInertiaData->handle(Object(Illuminate\\Http\\Request), Object(Closure))
#25 C:\\Users\\Nicole.VIGAN\\Documents\\Project_Team\\nouveau_projet\\testProj\\vendor\\laravel\\framework\\src\\Illuminate\\Routing\\Middleware\\SubstituteBindings.php(50): Illuminate\\Pipeline\\Pipeline->Illuminate\\Pipeline\\{closure}(Object(Illuminate\\Http\\Request))
#26 C:\\Users\\Nicole.VIGAN\\Documents\\Project_Team\\nouveau_projet\\testProj\\vendor\\laravel\\framework\\src\\Illuminate\\Pipeline\\Pipeline.php(180): Illuminate\\Routing\\Middleware\\SubstituteBindings->handle(Object(Illuminate\\Http\\Request), Object(Closure))
#27 C:\\Users\\Nicole.VIGAN\\Documents\\Project_Team\\nouveau_projet\\testProj\\vendor\\laravel\\framework\\src\\Illuminate\\Foundation\\Http\\Middleware\\VerifyCsrfToken.php(78): Illuminate\\Pipeline\\Pipeline->Illuminate\\Pipeline\\{closure}(Object(Illuminate\\Http\\Request))
#28 C:\\Users\\Nicole.VIGAN\\Documents\\Project_Team\\nouveau_projet\\testProj\\vendor\\laravel\\framework\\src\\Illuminate\\Pipeline\\Pipeline.php(180): Illuminate\\Foundation\\Http\\Middleware\\VerifyCsrfToken->handle(Object(Illuminate\\Http\\Request), Object(Closure))
#29 C:\\Users\\Nicole.VIGAN\\Documents\\Project_Team\\nouveau_projet\\testProj\\vendor\\laravel\\framework\\src\\Illuminate\\View\\Middleware\\ShareErrorsFromSession.php(49): Illuminate\\Pipeline\\Pipeline->Illuminate\\Pipeline\\{closure}(Object(Illuminate\\Http\\Request))
#30 C:\\Users\\Nicole.VIGAN\\Documents\\Project_Team\\nouveau_projet\\testProj\\vendor\\laravel\\framework\\src\\Illuminate\\Pipeline\\Pipeline.php(180): Illuminate\\View\\Middleware\\ShareErrorsFromSession->handle(Object(Illuminate\\Http\\Request), Object(Closure))
#31 C:\\Users\\Nicole.VIGAN\\Documents\\Project_Team\\nouveau_projet\\testProj\\vendor\\laravel\\framework\\src\\Illuminate\\Session\\Middleware\\StartSession.php(121): Illuminate\\Pipeline\\Pipeline->Illuminate\\Pipeline\\{closure}(Object(Illuminate\\Http\\Request))
#32 C:\\Users\\Nicole.VIGAN\\Documents\\Project_Team\\nouveau_projet\\testProj\\vendor\\laravel\\framework\\src\\Illuminate\\Session\\Middleware\\StartSession.php(64): Illuminate\\Session\\Middleware\\StartSession->handleStatefulRequest(Object(Illuminate\\Http\\Request), Object(Illuminate\\Session\\Store), Object(Closure))
#33 C:\\Users\\Nicole.VIGAN\\Documents\\Project_Team\\nouveau_projet\\testProj\\vendor\\laravel\\framework\\src\\Illuminate\\Pipeline\\Pipeline.php(180): Illuminate\\Session\\Middleware\\StartSession->handle(Object(Illuminate\\Http\\Request), Object(Closure))
#34 C:\\Users\\Nicole.VIGAN\\Documents\\Project_Team\\nouveau_projet\\testProj\\vendor\\laravel\\framework\\src\\Illuminate\\Cookie\\Middleware\\AddQueuedCookiesToResponse.php(37): Illuminate\\Pipeline\\Pipeline->Illuminate\\Pipeline\\{closure}(Object(Illuminate\\Http\\Request))
#35 C:\\Users\\Nicole.VIGAN\\Documents\\Project_Team\\nouveau_projet\\testProj\\vendor\\laravel\\framework\\src\\Illuminate\\Pipeline\\Pipeline.php(180): Illuminate\\Cookie\\Middleware\\AddQueuedCookiesToResponse->handle(Object(Illuminate\\Http\\Request), Object(Closure))
#36 C:\\Users\\Nicole.VIGAN\\Documents\\Project_Team\\nouveau_projet\\testProj\\vendor\\laravel\\framework\\src\\Illuminate\\Cookie\\Middleware\\EncryptCookies.php(67): Illuminate\\Pipeline\\Pipeline->Illuminate\\Pipeline\\{closure}(Object(Illuminate\\Http\\Request))
#37 C:\\Users\\Nicole.VIGAN\\Documents\\Project_Team\\nouveau_projet\\testProj\\vendor\\laravel\\framework\\src\\Illuminate\\Pipeline\\Pipeline.php(180): Illuminate\\Cookie\\Middleware\\EncryptCookies->handle(Object(Illuminate\\Http\\Request), Object(Closure))
#38 C:\\Users\\Nicole.VIGAN\\Documents\\Project_Team\\nouveau_projet\\testProj\\vendor\\laravel\\framework\\src\\Illuminate\\Pipeline\\Pipeline.php(116): Illuminate\\Pipeline\\Pipeline->Illuminate\\Pipeline\\{closure}(Object(Illuminate\\Http\\Request))
#39 C:\\Users\\Nicole.VIGAN\\Documents\\Project_Team\\nouveau_projet\\testProj\\vendor\\laravel\\framework\\src\\Illuminate\\Routing\\Router.php(798): Illuminate\\Pipeline\\Pipeline->then(Object(Closure))
#40 C:\\Users\\Nicole.VIGAN\\Documents\\Project_Team\\nouveau_projet\\testProj\\vendor\\laravel\\framework\\src\\Illuminate\\Routing\\Router.php(777): Illuminate\\Routing\\Router->runRouteWithinStack(Object(Illuminate\\Routing\\Route), Object(Illuminate\\Http\\Request))
#41 C:\\Users\\Nicole.VIGAN\\Documents\\Project_Team\\nouveau_projet\\testProj\\vendor\\laravel\\framework\\src\\Illuminate\\Routing\\Router.php(741): Illuminate\\Routing\\Router->runRoute(Object(Illuminate\\Http\\Request), Object(Illuminate\\Routing\\Route))
#42 C:\\Users\\Nicole.VIGAN\\Documents\\Project_Team\\nouveau_projet\\testProj\\vendor\\laravel\\framework\\src\\Illuminate\\Routing\\Router.php(730): Illuminate\\Routing\\Router->dispatchToRoute(Object(Illuminate\\Http\\Request))
#43 C:\\Users\\Nicole.VIGAN\\Documents\\Project_Team\\nouveau_projet\\testProj\\vendor\\laravel\\framework\\src\\Illuminate\\Foundation\\Http\\Kernel.php(200): Illuminate\\Routing\\Router->dispatch(Object(Illuminate\\Http\\Request))
#44 C:\\Users\\Nicole.VIGAN\\Documents\\Project_Team\\nouveau_projet\\testProj\\vendor\\laravel\\framework\\src\\Illuminate\\Pipeline\\Pipeline.php(141): Illuminate\\Foundation\\Http\\Kernel->Illuminate\\Foundation\\Http\\{closure}(Object(Illuminate\\Http\\Request))
#45 C:\\Users\\Nicole.VIGAN\\Documents\\Project_Team\\nouveau_projet\\testProj\\vendor\\laravel\\framework\\src\\Illuminate\\Foundation\\Http\\Middleware\\TransformsRequest.php(21): Illuminate\\Pipeline\\Pipeline->Illuminate\\Pipeline\\{closure}(Object(Illuminate\\Http\\Request))
#46 C:\\Users\\Nicole.VIGAN\\Documents\\Project_Team\\nouveau_projet\\testProj\\vendor\\laravel\\framework\\src\\Illuminate\\Foundation\\Http\\Middleware\\ConvertEmptyStringsToNull.php(31): Illuminate\\Foundation\\Http\\Middleware\\TransformsRequest->handle(Object(Illuminate\\Http\\Request), Object(Closure))
#47 C:\\Users\\Nicole.VIGAN\\Documents\\Project_Team\\nouveau_projet\\testProj\\vendor\\laravel\\framework\\src\\Illuminate\\Pipeline\\Pipeline.php(180): Illuminate\\Foundation\\Http\\Middleware\\ConvertEmptyStringsToNull->handle(Object(Illuminate\\Http\\Request), Object(Closure))
#48 C:\\Users\\Nicole.VIGAN\\Documents\\Project_Team\\nouveau_projet\\testProj\\vendor\\laravel\\framework\\src\\Illuminate\\Foundation\\Http\\Middleware\\TransformsRequest.php(21): Illuminate\\Pipeline\\Pipeline->Illuminate\\Pipeline\\{closure}(Object(Illuminate\\Http\\Request))
#49 C:\\Users\\Nicole.VIGAN\\Documents\\Project_Team\\nouveau_projet\\testProj\\vendor\\laravel\\framework\\src\\Illuminate\\Foundation\\Http\\Middleware\\TrimStrings.php(40): Illuminate\\Foundation\\Http\\Middleware\\TransformsRequest->handle(Object(Illuminate\\Http\\Request), Object(Closure))
#50 C:\\Users\\Nicole.VIGAN\\Documents\\Project_Team\\nouveau_projet\\testProj\\vendor\\laravel\\framework\\src\\Illuminate\\Pipeline\\Pipeline.php(180): Illuminate\\Foundation\\Http\\Middleware\\TrimStrings->handle(Object(Illuminate\\Http\\Request), Object(Closure))
#51 C:\\Users\\Nicole.VIGAN\\Documents\\Project_Team\\nouveau_projet\\testProj\\vendor\\laravel\\framework\\src\\Illuminate\\Foundation\\Http\\Middleware\\ValidatePostSize.php(27): Illuminate\\Pipeline\\Pipeline->Illuminate\\Pipeline\\{closure}(Object(Illuminate\\Http\\Request))
#52 C:\\Users\\Nicole.VIGAN\\Documents\\Project_Team\\nouveau_projet\\testProj\\vendor\\laravel\\framework\\src\\Illuminate\\Pipeline\\Pipeline.php(180): Illuminate\\Foundation\\Http\\Middleware\\ValidatePostSize->handle(Object(Illuminate\\Http\\Request), Object(Closure))
#53 C:\\Users\\Nicole.VIGAN\\Documents\\Project_Team\\nouveau_projet\\testProj\\vendor\\laravel\\framework\\src\\Illuminate\\Foundation\\Http\\Middleware\\PreventRequestsDuringMaintenance.php(99): Illuminate\\Pipeline\\Pipeline->Illuminate\\Pipeline\\{closure}(Object(Illuminate\\Http\\Request))
#54 C:\\Users\\Nicole.VIGAN\\Documents\\Project_Team\\nouveau_projet\\testProj\\vendor\\laravel\\framework\\src\\Illuminate\\Pipeline\\Pipeline.php(180): Illuminate\\Foundation\\Http\\Middleware\\PreventRequestsDuringMaintenance->handle(Object(Illuminate\\Http\\Request), Object(Closure))
#55 C:\\Users\\Nicole.VIGAN\\Documents\\Project_Team\\nouveau_projet\\testProj\\vendor\\laravel\\framework\\src\\Illuminate\\Http\\Middleware\\HandleCors.php(49): Illuminate\\Pipeline\\Pipeline->Illuminate\\Pipeline\\{closure}(Object(Illuminate\\Http\\Request))
#56 C:\\Users\\Nicole.VIGAN\\Documents\\Project_Team\\nouveau_projet\\testProj\\vendor\\laravel\\framework\\src\\Illuminate\\Pipeline\\Pipeline.php(180): Illuminate\\Http\\Middleware\\HandleCors->handle(Object(Illuminate\\Http\\Request), Object(Closure))
#57 C:\\Users\\Nicole.VIGAN\\Documents\\Project_Team\\nouveau_projet\\testProj\\vendor\\laravel\\framework\\src\\Illuminate\\Http\\Middleware\\TrustProxies.php(39): Illuminate\\Pipeline\\Pipeline->Illuminate\\Pipeline\\{closure}(Object(Illuminate\\Http\\Request))
#58 C:\\Users\\Nicole.VIGAN\\Documents\\Project_Team\\nouveau_projet\\testProj\\vendor\\laravel\\framework\\src\\Illuminate\\Pipeline\\Pipeline.php(180): Illuminate\\Http\\Middleware\\TrustProxies->handle(Object(Illuminate\\Http\\Request), Object(Closure))
#59 C:\\Users\\Nicole.VIGAN\\Documents\\Project_Team\\nouveau_projet\\testProj\\vendor\\laravel\\framework\\src\\Illuminate\\Pipeline\\Pipeline.php(116): Illuminate\\Pipeline\\Pipeline->Illuminate\\Pipeline\\{closure}(Object(Illuminate\\Http\\Request))
#60 C:\\Users\\Nicole.VIGAN\\Documents\\Project_Team\\nouveau_projet\\testProj\\vendor\\laravel\\framework\\src\\Illuminate\\Foundation\\Http\\Kernel.php(175): Illuminate\\Pipeline\\Pipeline->then(Object(Closure))
#61 C:\\Users\\Nicole.VIGAN\\Documents\\Project_Team\\nouveau_projet\\testProj\\vendor\\laravel\\framework\\src\\Illuminate\\Foundation\\Http\\Kernel.php(144): Illuminate\\Foundation\\Http\\Kernel->sendRequestThroughRouter(Object(Illuminate\\Http\\Request))
#62 C:\\Users\\Nicole.VIGAN\\Documents\\Project_Team\\nouveau_projet\\testProj\\public\\index.php(51): Illuminate\\Foundation\\Http\\Kernel->handle(Object(Illuminate\\Http\\Request))
#63 C:\\Users\\Nicole.VIGAN\\Documents\\Project_Team\\nouveau_projet\\testProj\\vendor\\laravel\\framework\\src\\Illuminate\\Foundation\\resources\\server.php(16): require_once('C:\\\\Users\\\\Nicole...')
#64 {main}

[previous exception] [object] (Illuminate\\Foundation\\ViteManifestNotFoundException(code: 0): Vite manifest not found at: C:\\Users\\Nicole.VIGAN\\Documents\\Project_Team\\nouveau_projet\\testProj\\public\\build/manifest.json at C:\\Users\\Nicole.VIGAN\\Documents\\Project_Team\\nouveau_projet\\testProj\\vendor\\laravel\\framework\\src\\Illuminate\\Foundation\\Vite.php:708)
[stacktrace]
#0 C:\\Users\\Nicole.VIGAN\\Documents\\Project_Team\\nouveau_projet\\testProj\\vendor\\laravel\\framework\\src\\Illuminate\\Foundation\\Vite.php(273): Illuminate\\Foundation\\Vite->manifest('build')
#1 C:\\Users\\Nicole.VIGAN\\Documents\\Project_Team\\nouveau_projet\\testProj\\storage\\framework\\views\\9fce8cfdc38f7da429f8df6004397c3f.php(15): Illuminate\\Foundation\\Vite->__invoke(Object(Illuminate\\Support\\Collection))
#2 C:\\Users\\Nicole.VIGAN\\Documents\\Project_Team\\nouveau_projet\\testProj\\vendor\\laravel\\framework\\src\\Illuminate\\Filesystem\\Filesystem.php(124): require('C:\\\\Users\\\\Nicole...')
#3 C:\\Users\\Nicole.VIGAN\\Documents\\Project_Team\\nouveau_projet\\testProj\\vendor\\laravel\\framework\\src\\Illuminate\\Filesystem\\Filesystem.php(125): Illuminate\\Filesystem\\Filesystem::Illuminate\\Filesystem\\{closure}()
#4 C:\\Users\\Nicole.VIGAN\\Documents\\Project_Team\\nouveau_projet\\testProj\\vendor\\laravel\\framework\\src\\Illuminate\\View\\Engines\\PhpEngine.php(58): Illuminate\\Filesystem\\Filesystem->getRequire('C:\\\\Users\\\\Nicole...', Array)
#5 C:\\Users\\Nicole.VIGAN\\Documents\\Project_Team\\nouveau_projet\\testProj\\vendor\\laravel\\framework\\src\\Illuminate\\View\\Engines\\CompilerEngine.php(72): Illuminate\\View\\Engines\\PhpEngine->evaluatePath('C:\\\\Users\\\\Nicole...', Array)
#6 C:\\Users\\Nicole.VIGAN\\Documents\\Project_Team\\nouveau_projet\\testProj\\vendor\\laravel\\framework\\src\\Illuminate\\View\\View.php(195): Illuminate\\View\\Engines\\CompilerEngine->get('C:\\\\Users\\\\Nicole...', Array)
#7 C:\\Users\\Nicole.VIGAN\\Documents\\Project_Team\\nouveau_projet\\testProj\\vendor\\laravel\\framework\\src\\Illuminate\\View\\View.php(178): Illuminate\\View\\View->getContents()
#8 C:\\Users\\Nicole.VIGAN\\Documents\\Project_Team\\nouveau_projet\\testProj\\vendor\\laravel\\framework\\src\\Illuminate\\View\\View.php(147): Illuminate\\View\\View->renderContents()
#9 C:\\Users\\Nicole.VIGAN\\Documents\\Project_Team\\nouveau_projet\\testProj\\vendor\\laravel\\framework\\src\\Illuminate\\Http\\Response.php(69): Illuminate\\View\\View->render()
#10 C:\\Users\\Nicole.VIGAN\\Documents\\Project_Team\\nouveau_projet\\testProj\\vendor\\laravel\\framework\\src\\Illuminate\\Http\\Response.php(35): Illuminate\\Http\\Response->setContent(Object(Illuminate\\View\\View))
#11 C:\\Users\\Nicole.VIGAN\\Documents\\Project_Team\\nouveau_projet\\testProj\\vendor\\laravel\\framework\\src\\Illuminate\\Routing\\ResponseFactory.php(57): Illuminate\\Http\\Response->__construct(Object(Illuminate\\View\\View), 200, Array)
#12 C:\\Users\\Nicole.VIGAN\\Documents\\Project_Team\\nouveau_projet\\testProj\\vendor\\laravel\\framework\\src\\Illuminate\\Routing\\ResponseFactory.php(87): Illuminate\\Routing\\ResponseFactory->make(Object(Illuminate\\View\\View), 200, Array)
#13 C:\\Users\\Nicole.VIGAN\\Documents\\Project_Team\\nouveau_projet\\testProj\\vendor\\laravel\\framework\\src\\Illuminate\\Support\\Facades\\Facade.php(353): Illuminate\\Routing\\ResponseFactory->view('app', Array)
#14 C:\\Users\\Nicole.VIGAN\\Documents\\Project_Team\\nouveau_projet\\testProj\\vendor\\inertiajs\\inertia-laravel\\src\\Response.php(110): Illuminate\\Support\\Facades\\Facade::__callStatic('view', Array)
#15 C:\\Users\\Nicole.VIGAN\\Documents\\Project_Team\\nouveau_projet\\testProj\\vendor\\laravel\\framework\\src\\Illuminate\\Routing\\Router.php(893): Inertia\\Response->toResponse(Object(Illuminate\\Http\\Request))
#16 C:\\Users\\Nicole.VIGAN\\Documents\\Project_Team\\nouveau_projet\\testProj\\vendor\\laravel\\framework\\src\\Illuminate\\Routing\\Router.php(878): Illuminate\\Routing\\Router::toResponse(Object(Illuminate\\Http\\Request), Object(Inertia\\Response))
#17 C:\\Users\\Nicole.VIGAN\\Documents\\Project_Team\\nouveau_projet\\testProj\\vendor\\laravel\\framework\\src\\Illuminate\\Routing\\Router.php(798): Illuminate\\Routing\\Router->prepareResponse(Object(Illuminate\\Http\\Request), Object(Inertia\\Response))
#18 C:\\Users\\Nicole.VIGAN\\Documents\\Project_Team\\nouveau_projet\\testProj\\vendor\\laravel\\framework\\src\\Illuminate\\Pipeline\\Pipeline.php(141): Illuminate\\Routing\\Router->Illuminate\\Routing\\{closure}(Object(Illuminate\\Http\\Request))
#19 C:\\Users\\Nicole.VIGAN\\Documents\\Project_Team\\nouveau_projet\\testProj\\vendor\\laravel\\framework\\src\\Illuminate\\Http\\Middleware\\AddLinkHeadersForPreloadedAssets.php(19): Illuminate\\Pipeline\\Pipeline->Illuminate\\Pipeline\\{closure}(Object(Illuminate\\Http\\Request))
#20 C:\\Users\\Nicole.VIGAN\\Documents\\Project_Team\\nouveau_projet\\testProj\\vendor\\laravel\\framework\\src\\Illuminate\\Pipeline\\Pipeline.php(180): Illuminate\\Http\\Middleware\\AddLinkHeadersForPreloadedAssets->handle(Object(Illuminate\\Http\\Request), Object(Closure))
#21 C:\\Users\\Nicole.VIGAN\\Documents\\Project_Team\\nouveau_projet\\testProj\\vendor\\inertiajs\\inertia-laravel\\src\\Middleware.php(87): Illuminate\\Pipeline\\Pipeline->Illuminate\\Pipeline\\{closure}(Object(Illuminate\\Http\\Request))
#22 C:\\Users\\Nicole.VIGAN\\Documents\\Project_Team\\nouveau_projet\\testProj\\vendor\\laravel\\framework\\src\\Illuminate\\Pipeline\\Pipeline.php(180): Inertia\\Middleware->handle(Object(Illuminate\\Http\\Request), Object(Closure))
#23 C:\\Users\\Nicole.VIGAN\\Documents\\Project_Team\\nouveau_projet\\testProj\\vendor\\laravel\\jetstream\\src\\Http\\Middleware\\ShareInertiaData.php(69): Illuminate\\Pipeline\\Pipeline->Illuminate\\Pipeline\\{closure}(Object(Illuminate\\Http\\Request))
#24 C:\\Users\\Nicole.VIGAN\\Documents\\Project_Team\\nouveau_projet\\testProj\\vendor\\laravel\\framework\\src\\Illuminate\\Pipeline\\Pipeline.php(180): Laravel\\Jetstream\\Http\\Middleware\\ShareInertiaData->handle(Object(Illuminate\\Http\\Request), Object(Closure))
#25 C:\\Users\\Nicole.VIGAN\\Documents\\Project_Team\\nouveau_projet\\testProj\\vendor\\laravel\\framework\\src\\Illuminate\\Routing\\Middleware\\SubstituteBindings.php(50): Illuminate\\Pipeline\\Pipeline->Illuminate\\Pipeline\\{closure}(Object(Illuminate\\Http\\Request))
#26 C:\\Users\\Nicole.VIGAN\\Documents\\Project_Team\\nouveau_projet\\testProj\\vendor\\laravel\\framework\\src\\Illuminate\\Pipeline\\Pipeline.php(180): Illuminate\\Routing\\Middleware\\SubstituteBindings->handle(Object(Illuminate\\Http\\Request), Object(Closure))
#27 C:\\Users\\Nicole.VIGAN\\Documents\\Project_Team\\nouveau_projet\\testProj\\vendor\\laravel\\framework\\src\\Illuminate\\Foundation\\Http\\Middleware\\VerifyCsrfToken.php(78): Illuminate\\Pipeline\\Pipeline->Illuminate\\Pipeline\\{closure}(Object(Illuminate\\Http\\Request))
#28 C:\\Users\\Nicole.VIGAN\\Documents\\Project_Team\\nouveau_projet\\testProj\\vendor\\laravel\\framework\\src\\Illuminate\\Pipeline\\Pipeline.php(180): Illuminate\\Foundation\\Http\\Middleware\\VerifyCsrfToken->handle(Object(Illuminate\\Http\\Request), Object(Closure))
#29 C:\\Users\\Nicole.VIGAN\\Documents\\Project_Team\\nouveau_projet\\testProj\\vendor\\laravel\\framework\\src\\Illuminate\\View\\Middleware\\ShareErrorsFromSession.php(49): Illuminate\\Pipeline\\Pipeline->Illuminate\\Pipeline\\{closure}(Object(Illuminate\\Http\\Request))
#30 C:\\Users\\Nicole.VIGAN\\Documents\\Project_Team\\nouveau_projet\\testProj\\vendor\\laravel\\framework\\src\\Illuminate\\Pipeline\\Pipeline.php(180): Illuminate\\View\\Middleware\\ShareErrorsFromSession->handle(Object(Illuminate\\Http\\Request), Object(Closure))
#31 C:\\Users\\Nicole.VIGAN\\Documents\\Project_Team\\nouveau_projet\\testProj\\vendor\\laravel\\framework\\src\\Illuminate\\Session\\Middleware\\StartSession.php(121): Illuminate\\Pipeline\\Pipeline->Illuminate\\Pipeline\\{closure}(Object(Illuminate\\Http\\Request))
#32 C:\\Users\\Nicole.VIGAN\\Documents\\Project_Team\\nouveau_projet\\testProj\\vendor\\laravel\\framework\\src\\Illuminate\\Session\\Middleware\\StartSession.php(64): Illuminate\\Session\\Middleware\\StartSession->handleStatefulRequest(Object(Illuminate\\Http\\Request), Object(Illuminate\\Session\\Store), Object(Closure))
#33 C:\\Users\\Nicole.VIGAN\\Documents\\Project_Team\\nouveau_projet\\testProj\\vendor\\laravel\\framework\\src\\Illuminate\\Pipeline\\Pipeline.php(180): Illuminate\\Session\\Middleware\\StartSession->handle(Object(Illuminate\\Http\\Request), Object(Closure))
#34 C:\\Users\\Nicole.VIGAN\\Documents\\Project_Team\\nouveau_projet\\testProj\\vendor\\laravel\\framework\\src\\Illuminate\\Cookie\\Middleware\\AddQueuedCookiesToResponse.php(37): Illuminate\\Pipeline\\Pipeline->Illuminate\\Pipeline\\{closure}(Object(Illuminate\\Http\\Request))
#35 C:\\Users\\Nicole.VIGAN\\Documents\\Project_Team\\nouveau_projet\\testProj\\vendor\\laravel\\framework\\src\\Illuminate\\Pipeline\\Pipeline.php(180): Illuminate\\Cookie\\Middleware\\AddQueuedCookiesToResponse->handle(Object(Illuminate\\Http\\Request), Object(Closure))
#36 C:\\Users\\Nicole.VIGAN\\Documents\\Project_Team\\nouveau_projet\\testProj\\vendor\\laravel\\framework\\src\\Illuminate\\Cookie\\Middleware\\EncryptCookies.php(67): Illuminate\\Pipeline\\Pipeline->Illuminate\\Pipeline\\{closure}(Object(Illuminate\\Http\\Request))
#37 C:\\Users\\Nicole.VIGAN\\Documents\\Project_Team\\nouveau_projet\\testProj\\vendor\\laravel\\framework\\src\\Illuminate\\Pipeline\\Pipeline.php(180): Illuminate\\Cookie\\Middleware\\EncryptCookies->handle(Object(Illuminate\\Http\\Request), Object(Closure))
#38 C:\\Users\\Nicole.VIGAN\\Documents\\Project_Team\\nouveau_projet\\testProj\\vendor\\laravel\\framework\\src\\Illuminate\\Pipeline\\Pipeline.php(116): Illuminate\\Pipeline\\Pipeline->Illuminate\\Pipeline\\{closure}(Object(Illuminate\\Http\\Request))
#39 C:\\Users\\Nicole.VIGAN\\Documents\\Project_Team\\nouveau_projet\\testProj\\vendor\\laravel\\framework\\src\\Illuminate\\Routing\\Router.php(798): Illuminate\\Pipeline\\Pipeline->then(Object(Closure))
#40 C:\\Users\\Nicole.VIGAN\\Documents\\Project_Team\\nouveau_projet\\testProj\\vendor\\laravel\\framework\\src\\Illuminate\\Routing\\Router.php(777): Illuminate\\Routing\\Router->runRouteWithinStack(Object(Illuminate\\Routing\\Route), Object(Illuminate\\Http\\Request))
#41 C:\\Users\\Nicole.VIGAN\\Documents\\Project_Team\\nouveau_projet\\testProj\\vendor\\laravel\\framework\\src\\Illuminate\\Routing\\Router.php(741): Illuminate\\Routing\\Router->runRoute(Object(Illuminate\\Http\\Request), Object(Illuminate\\Routing\\Route))
#42 C:\\Users\\Nicole.VIGAN\\Documents\\Project_Team\\nouveau_projet\\testProj\\vendor\\laravel\\framework\\src\\Illuminate\\Routing\\Router.php(730): Illuminate\\Routing\\Router->dispatchToRoute(Object(Illuminate\\Http\\Request))
#43 C:\\Users\\Nicole.VIGAN\\Documents\\Project_Team\\nouveau_projet\\testProj\\vendor\\laravel\\framework\\src\\Illuminate\\Foundation\\Http\\Kernel.php(200): Illuminate\\Routing\\Router->dispatch(Object(Illuminate\\Http\\Request))
#44 C:\\Users\\Nicole.VIGAN\\Documents\\Project_Team\\nouveau_projet\\testProj\\vendor\\laravel\\framework\\src\\Illuminate\\Pipeline\\Pipeline.php(141): Illuminate\\Foundation\\Http\\Kernel->Illuminate\\Foundation\\Http\\{closure}(Object(Illuminate\\Http\\Request))
#45 C:\\Users\\Nicole.VIGAN\\Documents\\Project_Team\\nouveau_projet\\testProj\\vendor\\laravel\\framework\\src\\Illuminate\\Foundation\\Http\\Middleware\\TransformsRequest.php(21): Illuminate\\Pipeline\\Pipeline->Illuminate\\Pipeline\\{closure}(Object(Illuminate\\Http\\Request))
#46 C:\\Users\\Nicole.VIGAN\\Documents\\Project_Team\\nouveau_projet\\testProj\\vendor\\laravel\\framework\\src\\Illuminate\\Foundation\\Http\\Middleware\\ConvertEmptyStringsToNull.php(31): Illuminate\\Foundation\\Http\\Middleware\\TransformsRequest->handle(Object(Illuminate\\Http\\Request), Object(Closure))
#47 C:\\Users\\Nicole.VIGAN\\Documents\\Project_Team\\nouveau_projet\\testProj\\vendor\\laravel\\framework\\src\\Illuminate\\Pipeline\\Pipeline.php(180): Illuminate\\Foundation\\Http\\Middleware\\ConvertEmptyStringsToNull->handle(Object(Illuminate\\Http\\Request), Object(Closure))
#48 C:\\Users\\Nicole.VIGAN\\Documents\\Project_Team\\nouveau_projet\\testProj\\vendor\\laravel\\framework\\src\\Illuminate\\Foundation\\Http\\Middleware\\TransformsRequest.php(21): Illuminate\\Pipeline\\Pipeline->Illuminate\\Pipeline\\{closure}(Object(Illuminate\\Http\\Request))
#49 C:\\Users\\Nicole.VIGAN\\Documents\\Project_Team\\nouveau_projet\\testProj\\vendor\\laravel\\framework\\src\\Illuminate\\Foundation\\Http\\Middleware\\TrimStrings.php(40): Illuminate\\Foundation\\Http\\Middleware\\TransformsRequest->handle(Object(Illuminate\\Http\\Request), Object(Closure))
#50 C:\\Users\\Nicole.VIGAN\\Documents\\Project_Team\\nouveau_projet\\testProj\\vendor\\laravel\\framework\\src\\Illuminate\\Pipeline\\Pipeline.php(180): Illuminate\\Foundation\\Http\\Middleware\\TrimStrings->handle(Object(Illuminate\\Http\\Request), Object(Closure))
#51 C:\\Users\\Nicole.VIGAN\\Documents\\Project_Team\\nouveau_projet\\testProj\\vendor\\laravel\\framework\\src\\Illuminate\\Foundation\\Http\\Middleware\\ValidatePostSize.php(27): Illuminate\\Pipeline\\Pipeline->Illuminate\\Pipeline\\{closure}(Object(Illuminate\\Http\\Request))
#52 C:\\Users\\Nicole.VIGAN\\Documents\\Project_Team\\nouveau_projet\\testProj\\vendor\\laravel\\framework\\src\\Illuminate\\Pipeline\\Pipeline.php(180): Illuminate\\Foundation\\Http\\Middleware\\ValidatePostSize->handle(Object(Illuminate\\Http\\Request), Object(Closure))
#53 C:\\Users\\Nicole.VIGAN\\Documents\\Project_Team\\nouveau_projet\\testProj\\vendor\\laravel\\framework\\src\\Illuminate\\Foundation\\Http\\Middleware\\PreventRequestsDuringMaintenance.php(99): Illuminate\\Pipeline\\Pipeline->Illuminate\\Pipeline\\{closure}(Object(Illuminate\\Http\\Request))
#54 C:\\Users\\Nicole.VIGAN\\Documents\\Project_Team\\nouveau_projet\\testProj\\vendor\\laravel\\framework\\src\\Illuminate\\Pipeline\\Pipeline.php(180): Illuminate\\Foundation\\Http\\Middleware\\PreventRequestsDuringMaintenance->handle(Object(Illuminate\\Http\\Request), Object(Closure))
#55 C:\\Users\\Nicole.VIGAN\\Documents\\Project_Team\\nouveau_projet\\testProj\\vendor\\laravel\\framework\\src\\Illuminate\\Http\\Middleware\\HandleCors.php(49): Illuminate\\Pipeline\\Pipeline->Illuminate\\Pipeline\\{closure}(Object(Illuminate\\Http\\Request))
#56 C:\\Users\\Nicole.VIGAN\\Documents\\Project_Team\\nouveau_projet\\testProj\\vendor\\laravel\\framework\\src\\Illuminate\\Pipeline\\Pipeline.php(180): Illuminate\\Http\\Middleware\\HandleCors->handle(Object(Illuminate\\Http\\Request), Object(Closure))
#57 C:\\Users\\Nicole.VIGAN\\Documents\\Project_Team\\nouveau_projet\\testProj\\vendor\\laravel\\framework\\src\\Illuminate\\Http\\Middleware\\TrustProxies.php(39): Illuminate\\Pipeline\\Pipeline->Illuminate\\Pipeline\\{closure}(Object(Illuminate\\Http\\Request))
#58 C:\\Users\\Nicole.VIGAN\\Documents\\Project_Team\\nouveau_projet\\testProj\\vendor\\laravel\\framework\\src\\Illuminate\\Pipeline\\Pipeline.php(180): Illuminate\\Http\\Middleware\\TrustProxies->handle(Object(Illuminate\\Http\\Request), Object(Closure))
#59 C:\\Users\\Nicole.VIGAN\\Documents\\Project_Team\\nouveau_projet\\testProj\\vendor\\laravel\\framework\\src\\Illuminate\\Pipeline\\Pipeline.php(116): Illuminate\\Pipeline\\Pipeline->Illuminate\\Pipeline\\{closure}(Object(Illuminate\\Http\\Request))
#60 C:\\Users\\Nicole.VIGAN\\Documents\\Project_Team\\nouveau_projet\\testProj\\vendor\\laravel\\framework\\src\\Illuminate\\Foundation\\Http\\Kernel.php(175): Illuminate\\Pipeline\\Pipeline->then(Object(Closure))
#61 C:\\Users\\Nicole.VIGAN\\Documents\\Project_Team\\nouveau_projet\\testProj\\vendor\\laravel\\framework\\src\\Illuminate\\Foundation\\Http\\Kernel.php(144): Illuminate\\Foundation\\Http\\Kernel->sendRequestThroughRouter(Object(Illuminate\\Http\\Request))
#62 C:\\Users\\Nicole.VIGAN\\Documents\\Project_Team\\nouveau_projet\\testProj\\public\\index.php(51): Illuminate\\Foundation\\Http\\Kernel->handle(Object(Illuminate\\Http\\Request))
#63 C:\\Users\\Nicole.VIGAN\\Documents\\Project_Team\\nouveau_projet\\testProj\\vendor\\laravel\\framework\\src\\Illuminate\\Foundation\\resources\\server.php(16): require_once('C:\\\\Users\\\\Nicole...')
#64 {main}
"} 
[2023-10-05 15:29:14] local.ERROR: syntax error, unexpected token "}" {"exception":"[object] (ParseError(code: 0): syntax error, unexpected token \"}\" at C:\\Users\\Nicole.VIGAN\\Documents\\Project_Team\\nouveau_projet\\testProj\\routes\\web.php:39)
[stacktrace]
#0 C:\\Users\\Nicole.VIGAN\\Documents\\Project_Team\\nouveau_projet\\testProj\\vendor\\laravel\\framework\\src\\Illuminate\\Routing\\Router.php(504): Illuminate\\Routing\\RouteFileRegistrar->register('C:\\\\Users\\\\Nicole...')
#1 C:\\Users\\Nicole.VIGAN\\Documents\\Project_Team\\nouveau_projet\\testProj\\vendor\\laravel\\framework\\src\\Illuminate\\Routing\\Router.php(458): Illuminate\\Routing\\Router->loadRoutes('C:\\\\Users\\\\Nicole...')
#2 C:\\Users\\Nicole.VIGAN\\Documents\\Project_Team\\nouveau_projet\\testProj\\vendor\\laravel\\framework\\src\\Illuminate\\Routing\\RouteRegistrar.php(192): Illuminate\\Routing\\Router->group(Array, 'C:\\\\Users\\\\Nicole...')
#3 C:\\Users\\Nicole.VIGAN\\Documents\\Project_Team\\nouveau_projet\\testProj\\app\\Providers\\RouteServiceProvider.php(37): Illuminate\\Routing\\RouteRegistrar->group('C:\\\\Users\\\\Nicole...')
#4 C:\\Users\\Nicole.VIGAN\\Documents\\Project_Team\\nouveau_projet\\testProj\\vendor\\laravel\\framework\\src\\Illuminate\\Container\\BoundMethod.php(36): App\\Providers\\RouteServiceProvider->App\\Providers\\{closure}()
#5 C:\\Users\\Nicole.VIGAN\\Documents\\Project_Team\\nouveau_projet\\testProj\\vendor\\laravel\\framework\\src\\Illuminate\\Container\\Util.php(41): Illuminate\\Container\\BoundMethod::Illuminate\\Container\\{closure}()
#6 C:\\Users\\Nicole.VIGAN\\Documents\\Project_Team\\nouveau_projet\\testProj\\vendor\\laravel\\framework\\src\\Illuminate\\Container\\BoundMethod.php(81): Illuminate\\Container\\Util::unwrapIfClosure(Object(Closure))
#7 C:\\Users\\Nicole.VIGAN\\Documents\\Project_Team\\nouveau_projet\\testProj\\vendor\\laravel\\framework\\src\\Illuminate\\Container\\BoundMethod.php(35): Illuminate\\Container\\BoundMethod::callBoundMethod(Object(Illuminate\\Foundation\\Application), Object(Closure), Object(Closure))
#8 C:\\Users\\Nicole.VIGAN\\Documents\\Project_Team\\nouveau_projet\\testProj\\vendor\\laravel\\framework\\src\\Illuminate\\Container\\Container.php(662): Illuminate\\Container\\BoundMethod::call(Object(Illuminate\\Foundation\\Application), Object(Closure), Array, NULL)
#9 C:\\Users\\Nicole.VIGAN\\Documents\\Project_Team\\nouveau_projet\\testProj\\vendor\\laravel\\framework\\src\\Illuminate\\Foundation\\Support\\Providers\\RouteServiceProvider.php(120): Illuminate\\Container\\Container->call(Object(Closure))
#10 C:\\Users\\Nicole.VIGAN\\Documents\\Project_Team\\nouveau_projet\\testProj\\vendor\\laravel\\framework\\src\\Illuminate\\Foundation\\Support\\Providers\\RouteServiceProvider.php(45): Illuminate\\Foundation\\Support\\Providers\\RouteServiceProvider->loadRoutes()
#11 C:\\Users\\Nicole.VIGAN\\Documents\\Project_Team\\nouveau_projet\\testProj\\vendor\\laravel\\framework\\src\\Illuminate\\Container\\BoundMethod.php(36): Illuminate\\Foundation\\Support\\Providers\\RouteServiceProvider->Illuminate\\Foundation\\Support\\Providers\\{closure}()
#12 C:\\Users\\Nicole.VIGAN\\Documents\\Project_Team\\nouveau_projet\\testProj\\vendor\\laravel\\framework\\src\\Illuminate\\Container\\Util.php(41): Illuminate\\Container\\BoundMethod::Illuminate\\Container\\{closure}()
#13 C:\\Users\\Nicole.VIGAN\\Documents\\Project_Team\\nouveau_projet\\testProj\\vendor\\laravel\\framework\\src\\Illuminate\\Container\\BoundMethod.php(81): Illuminate\\Container\\Util::unwrapIfClosure(Object(Closure))
#14 C:\\Users\\Nicole.VIGAN\\Documents\\Project_Team\\nouveau_projet\\testProj\\vendor\\laravel\\framework\\src\\Illuminate\\Container\\BoundMethod.php(35): Illuminate\\Container\\BoundMethod::callBoundMethod(Object(Illuminate\\Foundation\\Application), Object(Closure), Object(Closure))
#15 C:\\Users\\Nicole.VIGAN\\Documents\\Project_Team\\nouveau_projet\\testProj\\vendor\\laravel\\framework\\src\\Illuminate\\Container\\Container.php(662): Illuminate\\Container\\BoundMethod::call(Object(Illuminate\\Foundation\\Application), Object(Closure), Array, NULL)
#16 C:\\Users\\Nicole.VIGAN\\Documents\\Project_Team\\nouveau_projet\\testProj\\vendor\\laravel\\framework\\src\\Illuminate\\Support\\ServiceProvider.php(119): Illuminate\\Container\\Container->call(Object(Closure))
#17 C:\\Users\\Nicole.VIGAN\\Documents\\Project_Team\\nouveau_projet\\testProj\\vendor\\laravel\\framework\\src\\Illuminate\\Foundation\\Application.php(1013): Illuminate\\Support\\ServiceProvider->callBootedCallbacks()
#18 C:\\Users\\Nicole.VIGAN\\Documents\\Project_Team\\nouveau_projet\\testProj\\vendor\\laravel\\framework\\src\\Illuminate\\Foundation\\Application.php(991): Illuminate\\Foundation\\Application->bootProvider(Object(App\\Providers\\RouteServiceProvider))
#19 [internal function]: Illuminate\\Foundation\\Application->Illuminate\\Foundation\\{closure}(Object(App\\Providers\\RouteServiceProvider), 28)
#20 C:\\Users\\Nicole.VIGAN\\Documents\\Project_Team\\nouveau_projet\\testProj\\vendor\\laravel\\framework\\src\\Illuminate\\Foundation\\Application.php(990): array_walk(Array, Object(Closure))
#21 C:\\Users\\Nicole.VIGAN\\Documents\\Project_Team\\nouveau_projet\\testProj\\vendor\\laravel\\framework\\src\\Illuminate\\Foundation\\Bootstrap\\BootProviders.php(17): Illuminate\\Foundation\\Application->boot()
#22 C:\\Users\\Nicole.VIGAN\\Documents\\Project_Team\\nouveau_projet\\testProj\\vendor\\laravel\\framework\\src\\Illuminate\\Foundation\\Application.php(261): Illuminate\\Foundation\\Bootstrap\\BootProviders->bootstrap(Object(Illuminate\\Foundation\\Application))
#23 C:\\Users\\Nicole.VIGAN\\Documents\\Project_Team\\nouveau_projet\\testProj\\vendor\\laravel\\framework\\src\\Illuminate\\Foundation\\Http\\Kernel.php(186): Illuminate\\Foundation\\Application->bootstrapWith(Array)
#24 C:\\Users\\Nicole.VIGAN\\Documents\\Project_Team\\nouveau_projet\\testProj\\vendor\\laravel\\framework\\src\\Illuminate\\Foundation\\Http\\Kernel.php(170): Illuminate\\Foundation\\Http\\Kernel->bootstrap()
#25 C:\\Users\\Nicole.VIGAN\\Documents\\Project_Team\\nouveau_projet\\testProj\\vendor\\laravel\\framework\\src\\Illuminate\\Foundation\\Http\\Kernel.php(144): Illuminate\\Foundation\\Http\\Kernel->sendRequestThroughRouter(Object(Illuminate\\Http\\Request))
#26 C:\\Users\\Nicole.VIGAN\\Documents\\Project_Team\\nouveau_projet\\testProj\\public\\index.php(51): Illuminate\\Foundation\\Http\\Kernel->handle(Object(Illuminate\\Http\\Request))
#27 C:\\Users\\Nicole.VIGAN\\Documents\\Project_Team\\nouveau_projet\\testProj\\vendor\\laravel\\framework\\src\\Illuminate\\Foundation\\resources\\server.php(16): require_once('C:\\\\Users\\\\Nicole...')
#28 {main}
"} 
